============================================================
  Generated by:           Genus(TM) Synthesis Solution 20.11-s111_1
  Generated on:           Feb 05 2026  04:18:43 pm
  Module:                 top
  Operating conditions:   typical (balanced_tree)
  Wireload mode:          enclosed
  Area mode:              timing library
============================================================


Path 1: MET (2900 ps) Late External Delay Assertion at pin dout[0]
          Group: clk
     Startpoint: (R) u_sram_u_mem/CLK
          Clock: (R) clk
       Endpoint: (F) dout[0]
          Clock: (R) clk

                     Capture       Launch     
        Clock Edge:+    5000            0     
       Src Latency:+       0            0     
       Net Latency:+       0 (I)        0 (I) 
           Arrival:=    5000            0     
                                              
      Output Delay:-    1000                  
     Required Time:=    4000                  
      Launch Clock:-       0                  
         Data Path:-    1100                  
             Slack:=    2900                  

Exceptions/Constraints:
  output_delay             1000            design.sdc_line_4_38_1 

#------------------------------------------------------------------------------------------------
#   Timing Point    Flags     Arc     Edge    Cell      Fanout Load Trans Delay Arrival Instance 
#                                                              (fF)  (ps)  (ps)   (ps)  Location 
#------------------------------------------------------------------------------------------------
  u_sram_u_mem/CLK  -       -         R     (arrival)        1    -     0     0       0    (-,-) 
  u_sram_u_mem/Q[0] (P)     CLK->Q[0] F     ram_128x16A      1 19.0    37  1100    1100    (-,-) 
  dout[0]           <<<     -         F     (port)           -    -     -     0    1100    (-,-) 
#------------------------------------------------------------------------------------------------

(P) : Instance is preserved

